<?xml version="1.0" encoding="utf-8" standalone="no"?>
<!--This file represents the results of running a test suite-->
<test-results name="C:\Users\Victor Kamp\Desktop\Program\MadspildP2\OpskriftTest\bin\Debug\OpskriftTest.dll" total="26" errors="0" failures="0" not-run="0" inconclusive="0" ignored="0" skipped="0" invalid="0" date="2015-05-04" time="17:37:46">
  <environment nunit-version="2.6.4.14350" clr-version="2.0.50727.5485" os-version="Microsoft Windows NT 6.1.7601 Service Pack 1" platform="Win32NT" cwd="C:\Program Files (x86)\NUnit 2.6.4\bin" machine-name="VICTORKAMP-PC" user="Victor Kamp" user-domain="VictorKamp-Pc" />
  <culture-info current-culture="da-DK" current-uiculture="da-DK" />
  <test-suite type="Assembly" name="C:\Users\Victor Kamp\Desktop\Program\MadspildP2\OpskriftTest\bin\Debug\OpskriftTest.dll" executed="True" result="Success" success="True" time="6.019" asserts="0">
    <results>
      <test-suite type="Namespace" name="MadspildprojektTests" executed="True" result="Success" success="True" time="6.017" asserts="0">
        <results>
          <test-suite type="TestFixture" name="HusholdningTest" executed="True" result="Success" success="True" time="5.929" asserts="0">
            <results>
              <test-case name="MadspildprojektTests.HusholdningTest.DatoAdvarselAntalIListeTest" executed="True" result="Success" success="True" time="3.762" asserts="1" />
              <test-case name="MadspildprojektTests.HusholdningTest.DatoAdvarselOjectTest" executed="True" result="Success" success="True" time="2.040" asserts="1" />
              <test-case name="MadspildprojektTests.HusholdningTest.SletGammelVareTest" executed="True" result="Success" success="True" time="0.007" asserts="1" />
              <test-suite type="ParameterizedTest" name="SletGammelVareTestCases" executed="True" result="Success" success="True" time="0.015" asserts="0">
                <results>
                  <test-case name="MadspildprojektTests.HusholdningTest.SletGammelVareTestCases(1)" executed="True" result="Success" success="True" time="0.006" asserts="1" />
                  <test-case name="MadspildprojektTests.HusholdningTest.SletGammelVareTestCases(0)" executed="True" result="Success" success="True" time="0.000" asserts="1" />
                </results>
              </test-suite>
              <test-suite type="ParameterizedTest" name="SletVareUdFraOpskriftTest" executed="True" result="Success" success="True" time="0.056" asserts="0">
                <results>
                  <test-case name="MadspildprojektTests.HusholdningTest.SletVareUdFraOpskriftTest(3)" executed="True" result="Success" success="True" time="0.037" asserts="1" />
                  <test-case name="MadspildprojektTests.HusholdningTest.SletVareUdFraOpskriftTest(0)" executed="True" result="Success" success="True" time="0.002" asserts="1" />
                  <test-case name="MadspildprojektTests.HusholdningTest.SletVareUdFraOpskriftTest(1)" executed="True" result="Success" success="True" time="0.003" asserts="1" />
                  <test-case name="MadspildprojektTests.HusholdningTest.SletVareUdFraOpskriftTest(2)" executed="True" result="Success" success="True" time="0.003" asserts="1" />
                </results>
              </test-suite>
            </results>
          </test-suite>
          <test-suite type="TestFixture" name="OpskriftTest" executed="True" result="Success" success="True" time="0.082" asserts="0">
            <results>
              <test-case name="MadspildprojektTests.OpskriftTest.ForslåEfterListeTest1" executed="True" result="Success" success="True" time="0.001" asserts="1" />
              <test-case name="MadspildprojektTests.OpskriftTest.ForslåEfterListeTest10" executed="True" result="Success" success="True" time="0.002" asserts="1" />
              <test-case name="MadspildprojektTests.OpskriftTest.ForslåEfterListeTest2" executed="True" result="Success" success="True" time="0.002" asserts="1" />
              <test-case name="MadspildprojektTests.OpskriftTest.ForslåEfterListeTest3" executed="True" result="Success" success="True" time="0.001" asserts="1" />
              <test-case name="MadspildprojektTests.OpskriftTest.ForslåEfterListeTest4" executed="True" result="Success" success="True" time="0.002" asserts="1" />
              <test-case name="MadspildprojektTests.OpskriftTest.ForslåEfterListeTest5" executed="True" result="Success" success="True" time="0.002" asserts="1" />
              <test-case name="MadspildprojektTests.OpskriftTest.ForslåEfterListeTest6" executed="True" result="Success" success="True" time="0.003" asserts="1" />
              <test-case name="MadspildprojektTests.OpskriftTest.ForslåEfterListeTest7" executed="True" result="Success" success="True" time="0.002" asserts="1" />
              <test-case name="MadspildprojektTests.OpskriftTest.ForslåEfterListeTest8" executed="True" result="Success" success="True" time="0.002" asserts="1" />
              <test-case name="MadspildprojektTests.OpskriftTest.ForslåEfterListeTest9" executed="True" result="Success" success="True" time="0.002" asserts="1" />
              <test-case name="MadspildprojektTests.OpskriftTest.ForslåEfterVareTest" executed="True" result="Success" success="True" time="0.006" asserts="2" />
              <test-suite type="ParameterizedTest" name="indlæsTest" executed="True" result="Success" success="True" time="0.010" asserts="0">
                <results>
                  <test-case name="MadspildprojektTests.OpskriftTest.indlæsTest(3)" executed="True" result="Success" success="True" time="0.001" asserts="1" />
                  <test-case name="MadspildprojektTests.OpskriftTest.indlæsTest(0)" executed="True" result="Success" success="True" time="0.000" asserts="1" />
                  <test-case name="MadspildprojektTests.OpskriftTest.indlæsTest(4)" executed="True" result="Success" success="True" time="0.000" asserts="1" />
                  <test-case name="MadspildprojektTests.OpskriftTest.indlæsTest(1)" executed="True" result="Success" success="True" time="0.000" asserts="1" />
                  <test-case name="MadspildprojektTests.OpskriftTest.indlæsTest(2)" executed="True" result="Success" success="True" time="0.000" asserts="1" />
                </results>
              </test-suite>
              <test-case name="MadspildprojektTests.OpskriftTest.TilføjOpskriftTilFilTest" executed="True" result="Success" success="True" time="0.003" asserts="1" />
            </results>
          </test-suite>
        </results>
      </test-suite>
    </results>
  </test-suite>
</test-results>