<?xml version="1.0" encoding="utf-8" standalone="no"?>
<!--This file represents the results of running a test suite-->
<test-results name="C:\Users\Victor Kamp\Desktop\Program\MadspildP2\OpskriftTest\bin\Debug\OpskriftTest.dll" total="8" errors="0" failures="0" not-run="0" inconclusive="0" ignored="0" skipped="0" invalid="0" date="2015-04-30" time="16:35:48">
  <environment nunit-version="2.6.4.14350" clr-version="2.0.50727.5485" os-version="Microsoft Windows NT 6.1.7601 Service Pack 1" platform="Win32NT" cwd="C:\Program Files (x86)\NUnit 2.6.4\bin" machine-name="VICTORKAMP-PC" user="Victor Kamp" user-domain="VictorKamp-Pc" />
  <culture-info current-culture="da-DK" current-uiculture="da-DK" />
  <test-suite type="Assembly" name="C:\Users\Victor Kamp\Desktop\Program\MadspildP2\OpskriftTest\bin\Debug\OpskriftTest.dll" executed="True" result="Success" success="True" time="0.065" asserts="0">
    <results>
      <test-suite type="Namespace" name="MadspildprojektTests" executed="True" result="Success" success="True" time="0.063" asserts="0">
        <results>
          <test-suite type="TestFixture" name="OpskriftTest" executed="True" result="Success" success="True" time="0.061" asserts="0">
            <results>
              <test-case name="MadspildprojektTests.OpskriftTest.ForslåEfterListeTest" executed="True" result="Success" success="True" time="0.030" asserts="10" />
              <test-case name="MadspildprojektTests.OpskriftTest.ForslåEfterVareTest" executed="True" result="Success" success="True" time="0.004" asserts="2" />
              <test-suite type="ParameterizedTest" name="indlæsTest" executed="True" result="Success" success="True" time="0.016" asserts="0">
                <results>
                  <test-case name="MadspildprojektTests.OpskriftTest.indlæsTest(4)" executed="True" result="Success" success="True" time="0.003" asserts="1" />
                  <test-case name="MadspildprojektTests.OpskriftTest.indlæsTest(0)" executed="True" result="Success" success="True" time="0.000" asserts="1" />
                  <test-case name="MadspildprojektTests.OpskriftTest.indlæsTest(1)" executed="True" result="Success" success="True" time="0.000" asserts="1" />
                  <test-case name="MadspildprojektTests.OpskriftTest.indlæsTest(2)" executed="True" result="Success" success="True" time="0.002" asserts="1" />
                  <test-case name="MadspildprojektTests.OpskriftTest.indlæsTest(3)" executed="True" result="Success" success="True" time="0.000" asserts="1" />
                </results>
              </test-suite>
              <test-case name="MadspildprojektTests.OpskriftTest.TilføjOpskriftTilFilTest" executed="True" result="Success" success="True" time="0.001" asserts="1" />
            </results>
          </test-suite>
        </results>
      </test-suite>
    </results>
  </test-suite>
</test-results>