<?xml version="1.0" encoding="utf-8" standalone="no"?>
<!--This file represents the results of running a test suite-->
<test-results name="C:\Users\Mark\Documents\GitHub\MadspildP2\OpskriftTest\bin\Debug\OpskriftTest.dll" total="1" errors="0" failures="1" not-run="0" inconclusive="0" ignored="0" skipped="0" invalid="0" date="2015-04-29" time="17:08:50">
  <environment nunit-version="2.6.4.14350" clr-version="2.0.50727.8009" os-version="Microsoft Windows NT 6.2.9200.0" platform="Win32NT" cwd="C:\Program Files (x86)\NUnit 2.6.4\bin" machine-name="TIMIAN" user="Mark" user-domain="TIMIAN" />
  <culture-info current-culture="da-DK" current-uiculture="da-DK" />
  <test-suite type="Assembly" name="C:\Users\Mark\Documents\GitHub\MadspildP2\OpskriftTest\bin\Debug\OpskriftTest.dll" executed="True" result="Failure" success="False" time="0.411" asserts="0">
    <results>
      <test-suite type="Namespace" name="MadspildprojektTests" executed="True" result="Failure" success="False" time="0.340" asserts="0">
        <results>
          <test-suite type="TestFixture" name="OpskriftTest" executed="True" result="Failure" success="False" time="0.332" asserts="0">
            <results>
              <test-case name="MadspildprojektTests.OpskriftTest.ForslåEfterListeTest" executed="True" result="Failure" success="False" time="0.285" asserts="1">
                <failure>
                  <message><![CDATA[  Expected: greater than or equal to 1
  But was:  0
]]></message>
                  <stack-trace><![CDATA[ved MadspildprojektTests.OpskriftTest.ForslåEfterListeTest() i c:\Users\Mark\Documents\GitHub\MadspildP2\OpskriftTest\OpskriftTest.cs:linje 82
]]></stack-trace>
                </failure>
              </test-case>
            </results>
          </test-suite>
        </results>
      </test-suite>
    </results>
  </test-suite>
</test-results>