<?xml version="1.0" encoding="utf-8" standalone="no"?>
<!--This file represents the results of running a test suite-->
<test-results name="C:\Users\Mark\Documents\GitHub\MadspildP2\OpskriftTest\bin\Debug\OpskriftTest.dll" total="3" errors="0" failures="0" not-run="0" inconclusive="0" ignored="0" skipped="0" invalid="0" date="2015-04-23" time="17:15:15">
  <environment nunit-version="2.6.4.14350" clr-version="2.0.50727.8009" os-version="Microsoft Windows NT 6.2.9200.0" platform="Win32NT" cwd="C:\Program Files (x86)\NUnit 2.6.4\bin" machine-name="TIMIAN" user="Mark" user-domain="TIMIAN" />
  <culture-info current-culture="da-DK" current-uiculture="da-DK" />
  <test-suite type="Assembly" name="C:\Users\Mark\Documents\GitHub\MadspildP2\OpskriftTest\bin\Debug\OpskriftTest.dll" executed="True" result="Success" success="True" time="0.010" asserts="0">
    <results>
      <test-suite type="Namespace" name="MadspildprojektTests" executed="True" result="Success" success="True" time="0.009" asserts="0">
        <results>
          <test-suite type="TestFixture" name="OpskriftTest" executed="True" result="Success" success="True" time="0.008" asserts="0">
            <results>
              <test-suite type="ParameterizedTest" name="indlæsTest" executed="True" result="Success" success="True" time="0.007" asserts="0">
                <results>
                  <test-case name="MadspildprojektTests.OpskriftTest.indlæsTest(2)" executed="True" result="Success" success="True" time="0.000" asserts="1" />
                  <test-case name="MadspildprojektTests.OpskriftTest.indlæsTest(0)" executed="True" result="Success" success="True" time="0.000" asserts="1" />
                  <test-case name="MadspildprojektTests.OpskriftTest.indlæsTest(1)" executed="True" result="Success" success="True" time="0.000" asserts="1" />
                </results>
              </test-suite>
            </results>
          </test-suite>
        </results>
      </test-suite>
    </results>
  </test-suite>
</test-results>